LOG ENTRY: Thu Jan 28th, 2016 @ precisely 4:07 pm UTC
PHP v5.6.16 :: WordPress v4.3.1 :: s2Member v160120
Memory 22.04 MB :: Real Memory 22.25 MB :: Peak Memory 22.11 MB :: Real Peak Memory 22.25 MB
www.eunuigbe/~unuigbee/thearchesproject/?s2member_paypal_return=1&s2member_paypal_return_tra=fnIyOk9aZFJNanZxQjJhNUFoTnpwMElwYWZEU1RGWTNzc3duOmZiODk2Y2E0NjAwMmU3OWUwYmYyNjZmMzFlMjE4ZmZkfJJ1MfWp7u%5fRVWacmfhs%5foTj1OprJ0kR0mdJ7n3%5flgP%2dpFSPtbvEWvpzJJNCk4e3%2dOonqukK6lK2HZ%5fDSC0dMqQCif6Yd1Yd8k7GMbvW9fSbPjeme3y0ROgkC09dQreX0LyQzBucunyOUkYfw9%5f2OhGSIT%2dSoevRs%2d5KQg79vJ1%5fJWCWAZPv%2dLqu6gSr2dhUYxhveDlGzYw413Eu08p1HfKepSyR8XwinsoQUA4Mo9L%2dPLAmub6Ek4L%2d8TlJlzGO9hxVJX0HWN3WqNi764Soa9q5whUvub0872W6hYtZ9dVytBVBU2AX0sS1kjxLspnW2idaNHr5UDndVaF4xgVdmHlPoHnIVJ2LpIQU0W%5fMfEbJZRF%2dI1cb6AEwFGWukBooRQ
User-Agent: Mozilla/5.0 (Windows NT 10.0; WOW64) AppleWebKit/537.36 (KHTML, like Gecko) Chrome/47.0.2526.111 Safari/537.36
Array
(
    [subscr_gateway] => paypal
    [s2member_log] => Array
        (
            [0] => No Return-Data. Customer MUST wait for Email Confirmation.
            [1] => Note. This can sometimes happen when/if you are offering an Initial/Trial Period. There are times when a Payment Gateway will NOT supply s2Member with any data immediately after checkout. When/if this happens, s2Member must process the transaction via IPN only (i.e., behind-the-scene), and the Customer must wait for Email Confirmation in these cases.
            [2] => array (
  's2member_paypal_return' => '1',
  's2member_paypal_return_tra' => 'fnIyOk9aZFJNanZxQjJhNUFoTnpwMElwYWZEU1RGWTNzc3duOmZiODk2Y2E0NjAwMmU3OWUwYmYyNjZmMzFlMjE4ZmZkfJJ1MfWp7u_RVWacmfhs_oTj1OprJ0kR0mdJ7n3_lgP-pFSPtbvEWvpzJJNCk4e3-OonqukK6lK2HZ_DSC0dMqQCif6Yd1Yd8k7GMbvW9fSbPjeme3y0ROgkC09dQreX0LyQzBucunyOUkYfw9_2OhGSIT-SoevRs-5KQg79vJ1_JWCWAZPv-Lqu6gSr2dhUYxhveDlGzYw413Eu08p1HfKepSyR8XwinsoQUA4Mo9L-PLAmub6Ek4L-8TlJlzGO9hxVJX0HWN3WqNi764Soa9q5whUvub0872W6hYtZ9dVytBVBU2AX0sS1kjxLspnW2idaNHr5UDndVaF4xgVdmHlPoHnIVJ2LpIQU0W_MfEbJZRF-I1cb6AEwFGWukBooRQ',
  'txn_type' => 'subscr_signup',
  'subscr_id' => 'I-UT95BFLSCYP5',
  'last_name' => 'buyer',
  'option_selection1' => '1',
  'option_selection2' => '192.168.1.3',
  'residence_country' => 'GB',
  'mc_currency' => 'GBP',
  'item_name' => 'Artist Membership',
  'business' => 'kemitestech-facilitator@gmail.com',
  'recurring' => '1',
  'payer_status' => 'verified',
  'payer_email' => 'kemitestech-buyer@gmail.com',
  'first_name' => 'test',
  'receiver_email' => 'kemitestech-facilitator@gmail.com',
  'payer_id' => 'EJYATJHWH23YY',
  'option_name1' => 'Referencing Customer ID',
  'invoice' => '56aa3a30569a4~192.168.1.3',
  'option_name2' => 'Customer IP Address',
  'reattempt' => '1',
  'item_number' => '1',
  'subscr_date' => '08:06:30 Jan 28, 2016 PST',
  'custom' => 'www.eunuigbe',
  'charset' => 'windows-1252',
  'period3' => '1 Y',
  'mc_amount3' => '30.00',
  'auth' => 'AC6C9EMjW0XpGyasW7133zLO6L1YPy.ZYyjgbxf3P7TRx0v-.xnI686KH4cXLtf.m6lkkTVlhUIYw8uAusd3y7Q',
  'form_charset' => 'UTF-8',
)
            [3] => Redirecting Customer to the Home Page (after asking Customer to check their email).
        )

    [s2member_paypal_return_tra] => fnIyOk9aZFJNanZxQjJhNUFoTnpwMElwYWZEU1RGWTNzc3duOmZiODk2Y2E0NjAwMmU3OWUwYmYyNjZmMzFlMjE4ZmZkfJJ1MfWp7u_RVWacmfhs_oTj1OprJ0kR0mdJ7n3_lgP-pFSPtbvEWvpzJJNCk4e3-OonqukK6lK2HZ_DSC0dMqQCif6Yd1Yd8k7GMbvW9fSbPjeme3y0ROgkC09dQreX0LyQzBucunyOUkYfw9_2OhGSIT-SoevRs-5KQg79vJ1_JWCWAZPv-Lqu6gSr2dhUYxhveDlGzYw413Eu08p1HfKepSyR8XwinsoQUA4Mo9L-PLAmub6Ek4L-8TlJlzGO9hxVJX0HWN3WqNi764Soa9q5whUvub0872W6hYtZ9dVytBVBU2AX0sS1kjxLspnW2idaNHr5UDndVaF4xgVdmHlPoHnIVJ2LpIQU0W_MfEbJZRF-I1cb6AEwFGWukBooRQ
)

